This is pdfTeX, Version 3.1415926-2.5-1.40.14 (TeX Live 2013) (format=pdflatex 2020.3.24)  15 APR 2020 16:12
entering extended mode
 restricted \write18 enabled.
 %&-line parsing enabled.
**TabelaFreq_youtube_extraction_english_294.json.tex
(./TabelaFreq_youtube_extraction_english_294.json.tex
LaTeX2e <2011/06/27>
Babel <v3.8m> and hyphenation patterns for english, dumylang, nohyphenation, ru
ssian, ukrainian, bulgarian, loaded.
(/usr/share/texlive/texmf-dist/tex/latex/base/article.cls
Document Class: article 2007/10/19 v1.4h Standard LaTeX document class
(/usr/share/texlive/texmf-dist/tex/latex/base/size11.clo
File: size11.clo 2007/10/19 v1.4h Standard LaTeX file (size option)
)
\c@part=\count79
\c@section=\count80
\c@subsection=\count81
\c@subsubsection=\count82
\c@paragraph=\count83
\c@subparagraph=\count84
\c@figure=\count85
\c@table=\count86
\abovecaptionskip=\skip41
\belowcaptionskip=\skip42
\bibindent=\dimen102
)
(/usr/share/texlive/texmf-dist/tex/latex/graphics/graphicx.sty
Package: graphicx 1999/02/16 v1.0f Enhanced LaTeX Graphics (DPC,SPQR)

(/usr/share/texlive/texmf-dist/tex/latex/graphics/keyval.sty
Package: keyval 1999/03/16 v1.13 key=value parser (DPC)
\KV@toks@=\toks14
)
(/usr/share/texlive/texmf-dist/tex/latex/graphics/graphics.sty
Package: graphics 2009/02/05 v1.0o Standard LaTeX Graphics (DPC,SPQR)

(/usr/share/texlive/texmf-dist/tex/latex/graphics/trig.sty
Package: trig 1999/03/16 v1.09 sin cos tan (DPC)
)
(/usr/share/texlive/texmf-dist/tex/latex/latexconfig/graphics.cfg
File: graphics.cfg 2010/04/23 v1.9 graphics configuration of TeX Live
)
Package graphics Info: Driver file: pdftex.def on input line 91.

(/usr/share/texlive/texmf-dist/tex/latex/pdftex-def/pdftex.def
File: pdftex.def 2011/05/27 v0.06d Graphics/color for pdfTeX

(/usr/share/texlive/texmf-dist/tex/generic/oberdiek/infwarerr.sty
Package: infwarerr 2010/04/08 v1.3 Providing info/warning/error messages (HO)
)
(/usr/share/texlive/texmf-dist/tex/generic/oberdiek/ltxcmds.sty
Package: ltxcmds 2011/11/09 v1.22 LaTeX kernel commands for general use (HO)
)
\Gread@gobject=\count87
))
\Gin@req@height=\dimen103
\Gin@req@width=\dimen104
)
(/usr/share/texlive/texmf-dist/tex/latex/multirow/multirow.sty
\bigstrutjot=\dimen105
)
(/usr/share/texlive/texmf-dist/tex/latex/hyperref/hyperref.sty
Package: hyperref 2012/11/06 v6.83m Hypertext links for LaTeX

(/usr/share/texlive/texmf-dist/tex/generic/oberdiek/hobsub-hyperref.sty
Package: hobsub-hyperref 2012/05/28 v1.13 Bundle oberdiek, subset hyperref (HO)


(/usr/share/texlive/texmf-dist/tex/generic/oberdiek/hobsub-generic.sty
Package: hobsub-generic 2012/05/28 v1.13 Bundle oberdiek, subset generic (HO)
Package: hobsub 2012/05/28 v1.13 Construct package bundles (HO)
Package hobsub Info: Skipping package `infwarerr' (already loaded).
Package hobsub Info: Skipping package `ltxcmds' (already loaded).
Package: ifluatex 2010/03/01 v1.3 Provides the ifluatex switch (HO)
Package ifluatex Info: LuaTeX not detected.
Package: ifvtex 2010/03/01 v1.5 Detect VTeX and its facilities (HO)
Package ifvtex Info: VTeX not detected.
Package: intcalc 2007/09/27 v1.1 Expandable calculations with integers (HO)
Package: ifpdf 2011/01/30 v2.3 Provides the ifpdf switch (HO)
Package ifpdf Info: pdfTeX in PDF mode is detected.
Package: etexcmds 2011/02/16 v1.5 Avoid name clashes with e-TeX commands (HO)
Package etexcmds Info: Could not find \expanded.
(etexcmds)             That can mean that you are not using pdfTeX 1.50 or
(etexcmds)             that some package has redefined \expanded.
(etexcmds)             In the latter case, load this package earlier.
Package: kvsetkeys 2012/04/25 v1.16 Key value parser (HO)
Package: kvdefinekeys 2011/04/07 v1.3 Define keys (HO)
Package: pdftexcmds 2011/11/29 v0.20 Utility functions of pdfTeX for LuaTeX (HO
)
Package pdftexcmds Info: LuaTeX not detected.
Package pdftexcmds Info: \pdf@primitive is available.
Package pdftexcmds Info: \pdf@ifprimitive is available.
Package pdftexcmds Info: \pdfdraftmode found.
Package: pdfescape 2011/11/25 v1.13 Implements pdfTeX's escape features (HO)
Package: bigintcalc 2012/04/08 v1.3 Expandable calculations on big integers (HO
)
Package: bitset 2011/01/30 v1.1 Handle bit-vector datatype (HO)
Package: uniquecounter 2011/01/30 v1.2 Provide unlimited unique counter (HO)
)
Package hobsub Info: Skipping package `hobsub' (already loaded).
Package: letltxmacro 2010/09/02 v1.4 Let assignment for LaTeX macros (HO)
Package: hopatch 2012/05/28 v1.2 Wrapper for package hooks (HO)
Package: xcolor-patch 2011/01/30 xcolor patch
Package: atveryend 2011/06/30 v1.8 Hooks at the very end of document (HO)
Package atveryend Info: \enddocument detected (standard20110627).
Package: atbegshi 2011/10/05 v1.16 At begin shipout hook (HO)
Package: refcount 2011/10/16 v3.4 Data extraction from label references (HO)
Package: hycolor 2011/01/30 v1.7 Color options for hyperref/bookmark (HO)
)
(/usr/share/texlive/texmf-dist/tex/generic/ifxetex/ifxetex.sty
Package: ifxetex 2010/09/12 v0.6 Provides ifxetex conditional
)
(/usr/share/texlive/texmf-dist/tex/latex/oberdiek/auxhook.sty
Package: auxhook 2011/03/04 v1.3 Hooks for auxiliary files (HO)
)
(/usr/share/texlive/texmf-dist/tex/latex/oberdiek/kvoptions.sty
Package: kvoptions 2011/06/30 v3.11 Key value format for package options (HO)
)
\@linkdim=\dimen106
\Hy@linkcounter=\count88
\Hy@pagecounter=\count89

(/usr/share/texlive/texmf-dist/tex/latex/hyperref/pd1enc.def
File: pd1enc.def 2012/11/06 v6.83m Hyperref: PDFDocEncoding definition (HO)
)
\Hy@SavedSpaceFactor=\count90

(/usr/share/texlive/texmf-dist/tex/latex/latexconfig/hyperref.cfg
File: hyperref.cfg 2002/06/06 v1.2 hyperref configuration of TeXLive
)
Package hyperref Info: Hyper figures OFF on input line 4443.
Package hyperref Info: Link nesting OFF on input line 4448.
Package hyperref Info: Hyper index ON on input line 4451.
Package hyperref Info: Plain pages OFF on input line 4458.
Package hyperref Info: Backreferencing OFF on input line 4463.
Package hyperref Info: Implicit mode ON; LaTeX internals redefined.
Package hyperref Info: Bookmarks ON on input line 4688.
\c@Hy@tempcnt=\count91

(/usr/share/texlive/texmf-dist/tex/latex/url/url.sty
\Urlmuskip=\muskip10
Package: url 2006/04/12  ver 3.3  Verb mode for urls, etc.
)
LaTeX Info: Redefining \url on input line 5041.
\XeTeXLinkMargin=\dimen107
\Fld@menulength=\count92
\Field@Width=\dimen108
\Fld@charsize=\dimen109
Package hyperref Info: Hyper figures OFF on input line 6295.
Package hyperref Info: Link nesting OFF on input line 6300.
Package hyperref Info: Hyper index ON on input line 6303.
Package hyperref Info: backreferencing OFF on input line 6310.
Package hyperref Info: Link coloring OFF on input line 6315.
Package hyperref Info: Link coloring with OCG OFF on input line 6320.
Package hyperref Info: PDF/A mode OFF on input line 6325.
LaTeX Info: Redefining \ref on input line 6365.
LaTeX Info: Redefining \pageref on input line 6369.
\Hy@abspage=\count93
\c@Item=\count94
\c@Hfootnote=\count95
)

Package hyperref Message: Driver: hpdftex.

(/usr/share/texlive/texmf-dist/tex/latex/hyperref/hpdftex.def
File: hpdftex.def 2012/11/06 v6.83m Hyperref driver for pdfTeX
\Fld@listcount=\count96
\c@bookmark@seq@number=\count97

(/usr/share/texlive/texmf-dist/tex/latex/oberdiek/rerunfilecheck.sty
Package: rerunfilecheck 2011/04/15 v1.7 Rerun checks for auxiliary files (HO)
Package uniquecounter Info: New unique counter `rerunfilecheck' on input line 2
82.
)
\Hy@SectionHShift=\skip43
)
(/usr/share/texlive/texmf-dist/tex/latex/colortbl/colortbl.sty
Package: colortbl 2012/02/13 v1.0a Color table columns (DPC)

(/usr/share/texlive/texmf-dist/tex/latex/tools/array.sty
Package: array 2008/09/09 v2.4c Tabular extension package (FMi)
\col@sep=\dimen110
\extrarowheight=\dimen111
\NC@list=\toks15
\extratabsurround=\skip44
\backup@length=\skip45
)
(/usr/share/texlive/texmf-dist/tex/latex/graphics/color.sty
Package: color 2005/11/14 v1.0j Standard LaTeX Color (DPC)

(/usr/share/texlive/texmf-dist/tex/latex/latexconfig/color.cfg
File: color.cfg 2007/01/18 v1.5 color configuration of teTeX/TeXLive
)
Package color Info: Driver file: pdftex.def on input line 130.
)
\everycr=\toks16
\minrowclearance=\skip46
)
(/usr/share/texlive/texmf-dist/tex/latex/tools/longtable.sty
Package: longtable 2004/02/01 v4.11 Multi-page Table package (DPC)
\LTleft=\skip47
\LTright=\skip48
\LTpre=\skip49
\LTpost=\skip50
\LTchunksize=\count98
\LTcapwidth=\dimen112
\LT@head=\box26
\LT@firsthead=\box27
\LT@foot=\box28
\LT@lastfoot=\box29
\LT@cols=\count99
\LT@rows=\count100
\c@LT@tables=\count101
\c@LT@chunks=\count102
\LT@p@ftn=\toks17
)
(/usr/share/texlive/texmf-dist/tex/latex/xcolor/xcolor.sty
Package: xcolor 2007/01/21 v2.11 LaTeX color extensions (UK)

(/usr/share/texlive/texmf-dist/tex/latex/latexconfig/color.cfg
File: color.cfg 2007/01/18 v1.5 color configuration of teTeX/TeXLive
)
Package xcolor Info: Package option `usenames' ignored on input line 216.
Package xcolor Info: Driver file: pdftex.def on input line 225.
LaTeX Info: Redefining \color on input line 702.
\rownum=\count103
Package xcolor Info: Model `cmy' substituted by `cmy0' on input line 1337.
Package xcolor Info: Model `hsb' substituted by `rgb' on input line 1341.
Package xcolor Info: Model `RGB' extended on input line 1353.
Package xcolor Info: Model `HTML' substituted by `rgb' on input line 1355.
Package xcolor Info: Model `Hsb' substituted by `hsb' on input line 1356.
Package xcolor Info: Model `tHsb' substituted by `hsb' on input line 1357.
Package xcolor Info: Model `HSB' substituted by `hsb' on input line 1358.
Package xcolor Info: Model `Gray' substituted by `gray' on input line 1359.
Package xcolor Info: Model `wave' substituted by `hsb' on input line 1360.

(/usr/share/texlive/texmf-dist/tex/latex/graphics/dvipsnam.def
File: dvipsnam.def 1999/02/16 v3.0i Driver-dependant file (DPC,SPQR)
)
(/usr/share/texlive/texmf-dist/tex/latex/xcolor/svgnam.def
File: svgnam.def 2007/01/21 v2.11 Predefined colors according to SVG 1.1 (UK)
))
\mylength=\skip51

(/usr/share/texlive/texmf-dist/tex/latex/geometry/geometry.sty
Package: geometry 2010/09/12 v5.6 Page Geometry
\Gm@cnth=\count104
\Gm@cntv=\count105
\c@Gm@tempcnt=\count106
\Gm@bindingoffset=\dimen113
\Gm@wd@mp=\dimen114
\Gm@odd@mp=\dimen115
\Gm@even@mp=\dimen116
\Gm@layoutwidth=\dimen117
\Gm@layoutheight=\dimen118
\Gm@layouthoffset=\dimen119
\Gm@layoutvoffset=\dimen120
\Gm@dimlist=\toks18
)
(./TabelaFreq_youtube_extraction_english_294.json.aux)
\openout1 = `TabelaFreq_youtube_extraction_english_294.json.aux'.

LaTeX Font Info:    Checking defaults for OML/cmm/m/it on input line 10.
LaTeX Font Info:    ... okay on input line 10.
LaTeX Font Info:    Checking defaults for T1/cmr/m/n on input line 10.
LaTeX Font Info:    ... okay on input line 10.
LaTeX Font Info:    Checking defaults for OT1/cmr/m/n on input line 10.
LaTeX Font Info:    ... okay on input line 10.
LaTeX Font Info:    Checking defaults for OMS/cmsy/m/n on input line 10.
LaTeX Font Info:    ... okay on input line 10.
LaTeX Font Info:    Checking defaults for OMX/cmex/m/n on input line 10.
LaTeX Font Info:    ... okay on input line 10.
LaTeX Font Info:    Checking defaults for U/cmr/m/n on input line 10.
LaTeX Font Info:    ... okay on input line 10.
LaTeX Font Info:    Checking defaults for PD1/pdf/m/n on input line 10.
LaTeX Font Info:    ... okay on input line 10.

(/usr/share/texlive/texmf-dist/tex/context/base/supp-pdf.mkii
[Loading MPS to PDF converter (version 2006.09.02).]
\scratchcounter=\count107
\scratchdimen=\dimen121
\scratchbox=\box30
\nofMPsegments=\count108
\nofMParguments=\count109
\everyMPshowfont=\toks19
\MPscratchCnt=\count110
\MPscratchDim=\dimen122
\MPnumerator=\count111
\makeMPintoPDFobject=\count112
\everyMPtoPDFconversion=\toks20
) (/usr/share/texlive/texmf-dist/tex/latex/oberdiek/epstopdf-base.sty
Package: epstopdf-base 2010/02/09 v2.5 Base part for package epstopdf

(/usr/share/texlive/texmf-dist/tex/latex/oberdiek/grfext.sty
Package: grfext 2010/08/19 v1.1 Manage graphics extensions (HO)
)
Package grfext Info: Graphics extension search list:
(grfext)             [.png,.pdf,.jpg,.mps,.jpeg,.jbig2,.jb2,.PNG,.PDF,.JPG,.JPE
G,.JBIG2,.JB2,.eps]
(grfext)             \AppendGraphicsExtensions on input line 452.

(/usr/share/texlive/texmf-dist/tex/latex/latexconfig/epstopdf-sys.cfg
File: epstopdf-sys.cfg 2010/07/13 v1.3 Configuration of (r)epstopdf for TeX Liv
e
))
\AtBeginShipoutBox=\box31
Package hyperref Info: Link coloring OFF on input line 10.

(/usr/share/texlive/texmf-dist/tex/latex/hyperref/nameref.sty
Package: nameref 2012/10/27 v2.43 Cross-referencing by name of section

(/usr/share/texlive/texmf-dist/tex/generic/oberdiek/gettitlestring.sty
Package: gettitlestring 2010/12/03 v1.4 Cleanup title references (HO)
)
\c@section@level=\count113
)
LaTeX Info: Redefining \ref on input line 10.
LaTeX Info: Redefining \pageref on input line 10.
LaTeX Info: Redefining \nameref on input line 10.

(./TabelaFreq_youtube_extraction_english_294.json.out)
(./TabelaFreq_youtube_extraction_english_294.json.out)
\@outlinefile=\write3
\openout3 = `TabelaFreq_youtube_extraction_english_294.json.out'.


*geometry* driver: auto-detecting
*geometry* detected driver: pdftex
*geometry* verbose mode - [ preamble ] result:
* driver: pdftex
* paper: legalpaper
* layout: <same size as paper>
* layoutoffset:(h,v)=(0.0pt,0.0pt)
* modes: landscape 
* h-part:(L,W,R)=(72.26999pt, 867.24002pt, 72.26999pt)
* v-part:(T,H,B)=(72.26999pt, 469.75502pt, 72.26999pt)
* \paperwidth=1011.78pt
* \paperheight=614.295pt
* \textwidth=867.24002pt
* \textheight=469.75502pt
* \oddsidemargin=0.0pt
* \evensidemargin=0.0pt
* \topmargin=-37.0pt
* \headheight=12.0pt
* \headsep=25.0pt
* \topskip=11.0pt
* \footskip=30.0pt
* \marginparwidth=59.0pt
* \marginparsep=10.0pt
* \columnsep=10.0pt
* \skip\footins=10.0pt plus 4.0pt minus 2.0pt
* \hoffset=0.0pt
* \voffset=0.0pt
* \mag=1000
* \@twocolumnfalse
* \@twosidefalse
* \@mparswitchfalse
* \@reversemarginfalse
* (1in=72.27pt=25.4mm, 1cm=28.453pt)


Underfull \hbox (badness 10000) in paragraph at lines 12--12

 []


Underfull \hbox (badness 10000) in paragraph at lines 14--15

 []


Underfull \hbox (badness 10000) in paragraph at lines 14--15

 []


Underfull \vbox (badness 10000) detected at line 48
 []

[1

{/usr/share/texlive/texmf/fonts/map/pdftex/updmap/pdftex.map}] [2] [3]
[4] [5] [6] [7] [8] [9] [10] [11] [12] [13] [14] [15] [16] [17] [18] [19]
[20] [21] [22] [23] [24] [25] [26] [27] [28] [29] [30] [31] [32] [33] [34]
[35] [36] [37] [38] [39] [40] [41] [42] [43] [44] [45] [46] [47] [48] [49]
[50] [51] [52] [53] [54] [55] [56] [57] [58] [59] [60] [61] [62] [63] [64]
[65] [66] [67] [68] [69] [70] [71] [72] [73] [74] [75] [76] [77] [78] [79]
[80] [81] [82] [83] [84] [85] [86] [87] [88] [89] [90] [91] [92] [93] [94]
[95] [96] [97] [98] [99] [100] [101] [102] [103] [104] [105] [106] [107]
[108] [109]
Overfull \hbox (92.85577pt too wide) in paragraph at lines 437--437
 \OT1/cmr/m/n/10.95 french/english/german/russian/polish/italian/spanish/flemis
h/etc. 
 []

[110] [111] [112] [113] [114] [115] [116] [117] [118] [119] [120] [121]
[122] [123] [124] [125] [126] [127] [128] [129] [130] [131] [132] [133]
[134] [135] [136] [137] [138] [139] [140] [141] [142] [143] [144] [145]
[146] [147] [148] [149] [150] [151] [152] [153] [154] [155] [156] [157]
[158] [159] [160] [161] [162] [163] [164] [165] [166] [167] [168] [169]
[170] [171] [172] [173] [174] [175] [176] [177] [178] [179] [180] [181]
[182] [183] [184] [185] [186] [187] [188] [189] [190]
Overfull \hbox (75.70071pt too wide) in paragraph at lines 722--722
 \OT1/cmr/m/n/10.95 https://raduiacoboaie.files.wordpress.com/2015/04/daramarea
- 
 []

[191] [192] [193] [194] [195] [196] [197] [198] [199] [200] [201] [202]
[203] [204] [205] [206] [207] [208] [209] [210] [211] [212] [213] [214]
[215] [216] [217] [218] [219] [220] [221] [222] [223] [224]
Overfull \hbox (9.98537pt too wide) in paragraph at lines 812--812
 \OT1/cmr/m/n/10.95 RARI,CARTURARI,CALDARARI,LINGURARI 
 []

[225] [226] [227] [228] [229] [230] [231] [232] [233] [234] [235] [236]
[237] [238] [239] [240] [241] [242] [243] [244] [245] [246] [247] [248]
[249] [250] [251] [252] [253] [254] [255] [256] [257] [258] [259] [260]
[261] [262] [263] [264] [265] [266] [267] [268] [269] [270]
Overfull \hbox (91.97368pt too wide) in paragraph at lines 990--990
 \OT1/cmr/m/n/10.95 https://www.lancashiretelegraph.co.uk/news/16314654.lithuan
ian- 
 []


Overfull \hbox (57.05531pt too wide) in paragraph at lines 990--990
 \OT1/cmr/m/n/10.95 https://www.irishexaminer.com/breakingnews/world/man- 
 []

[271] [272] [273] [274] [275] [276] [277] [278] [279] [280] [281] [282]
[283] [284] [285] [286] [287] [288] [289] [290] [291] [292] [293] [294]
[295] [296] [297] [298] [299] [300] [301] [302] [303] [304] [305] [306]
[307] [308] [309] [310] [311] [312] [313] [314] [315] [316]
Overfull \hbox (37.16281pt too wide) in paragraph at lines 1164--1164
 \OT1/cmr/m/n/10.95 https://www.ushmm.org/wlc/en/article.php?ModuleId 
 []

[317] [318] [319] [320] [321] [322] [323] [324] [325]
Overfull \hbox (112.04868pt too wide) in paragraph at lines 1200--1200
 \OT1/cmr/m/n/10.95 https://www.sciencedirect.com/science/article/pii/S01602896
06001097| 
 []

[326] [327] [328] [329]
Overfull \hbox (153.68912pt too wide) in paragraph at lines 1225--1225
 \OT1/cmr/m/n/10.95 https://www.google.co.uk/amp/s/www.irishtimes.com/news/scie
nce/travellers- 
 []

[330] [331] [332] [333] [334] [335] [336] [337] [338]
Overfull \hbox (27.09479pt too wide) in paragraph at lines 1247--1247
 \OT1/cmr/m/n/10.95 https://www.irishtimes.com/news/science/travellers- 
 []

[339] [340] [341] [342] [343] [344] [345] [346] [347] [348] [349] [350]
Overfull \hbox (129.29497pt too wide) in paragraph at lines 1271--1271
 \OT1/cmr/m/n/10.95 https://www.livemint.com/Politics/Fn5P83dnUwSD7T6mHXakuJ/Ru
ral- 
 []


Overfull \hbox (172.10648pt too wide) in paragraph at lines 1271--1271
 \OT1/cmr/m/n/10.95 https://www.livemint.com/Politics/kcRwGgY4CmMDHHa94MrrNL/Ma
harashtra- 
 []


Overfull \hbox (1.21025pt too wide) in paragraph at lines 1283--1283
 \OT1/cmr/m/n/10.95 http://www.tallarmeniantale.com/Khazars.htm 
 []


Overfull \hbox (1.21025pt too wide) in paragraph at lines 1283--1283
 \OT1/cmr/m/n/10.95 http://www.tallarmeniantale.com/Khazars.htm 
 []

[351] [352] [353] [354] [355] [356] [357] [358] [359] [360] [361] [362]
[363] [364] [365] [366] [367] [368] [369] [370] [371] [372] [373] [374]
[375] [376] [377] [378] [379] [380] [381] [382] [383] [384] [385] [386]
[387] [388] [389] [390] [391] [392] [393] [394] [395] [396] [397] [398]
[399] [400] [401] [402] [403] [404] [405] [406] [407] [408] [409] [410]
[411] [412] [413] [414] [415] [416] [417] [418] [419] [420] [421] [422]
[423] [424] [425] [426] [427] [428] [429] [430] [431] [432] [433] [434]
[435] [436] [437] [438] [439] [440] [441] [442]
Overfull \hbox (178.87419pt too wide) in paragraph at lines 1532--1532
 \OT1/cmr/m/n/10.95 https://www.telegraph.co.uk/news/worldnews/europe/romania/8
027694/Romanian- 
 []


Overfull \hbox (51.73248pt too wide) in paragraph at lines 1532--1532
 \OT1/cmr/m/n/10.95 0ahUKEwjPk7PQ3LXaAhVKSZoKHdqMAzoQ4lYIOCgB 
 []

[443] [444] [445] [446] [447] [448] [449] [450] [451] [452] [453] [454]
[455] [456] [457] [458] [459] [460] [461] [462] [463] [464] [465] [466]
[467] [468] [469] [470] [471] [472] [473] [474] [475] [476] [477] [478]
[479] [480] [481] [482] [483] [484] [485] [486] [487] [488] [489] [490]
[491] [492]
Overfull \hbox (7.01985pt too wide) in paragraph at lines 1712--1712
 \OT1/cmr/m/n/10.95 http://news.bbc.co.uk/2/hi/europe/3154994.stm 
 []


Overfull \hbox (170.63127pt too wide) in paragraph at lines 1712--1712
 \OT1/cmr/m/n/10.95 https://www.telegraph.co.uk/news/newstopics/howaboutthat/49
72768/Romanian- 
 []

[493] [494] [495] [496] [497] [498] [499] [500] [501] [502] [503] [504]
[505] [506] [507] [508] [509] [510] [511] [512] [513] [514] [515] [516]
[517] [518] [519] [520] [521] [522] [523] [524] [525] [526] [527] [528]
[529] [530] [531] [532] [533] [534] [535] [536] [537] [538] [539] [540]
[541] [542] [543] [544] [545] [546] [547] [548] [549] [550] [551] [552]
[553] [554] [555] [556] [557] [558] [559] [560] [561] [562] [563] [564]
[565] [566] [567] [568] [569] [570] [571] [572] [573] [574] [575] [576]
[577] [578] [579] [580] [581] [582] [583] [584] [585] [586] [587] [588]
[589] [590] [591] [592] [593] [594] [595] [596] [597] [598] [599] [600]
[601] [602] [603] [604] [605] [606] [607] [608] [609] [610] [611] [612]
[613] [614] [615] [616] [617] [618] [619] [620] [621] [622] [623] [624]
[625] [626] [627] [628] [629] [630] [631] [632] [633] [634] [635] [636]
[637] [638] [639] [640] [641] [642] [643] [644] [645] [646] [647] [648]
[649] [650] [651] [652] [653] [654] [655] [656] [657] [658] [659] [660]
[661] [662] [663] [664]
Overfull \hbox (89.63158pt too wide) in paragraph at lines 2278--2278
 \OT1/cmr/m/n/10.95 http://www.eurasianet.org/sites/default/files/imagecache/ga
lleria 
 []

[665] [666] [667] [668] [669] [670] [671] [672] [673] [674] [675] [676]
[677] [678] [679] [680] [681]

Package array Warning: Column C is already defined on input line 2328.


Overfull \hbox (13.92767pt too wide) in paragraph at lines 2335--2335
 []|[]| 
 []


Overfull \hbox (3.43387pt too wide) in paragraph at lines 2336--2336
 []|[]| 
 []


Overfull \hbox (118.92615pt too wide) in paragraph at lines 2349--2349
 []|[]| 
 []


Underfull \vbox (badness 10000) detected at line 2352
 []


Overfull \hbox (17.21265pt too wide) in paragraph at lines 2358--2358
 []|[]| 
 []


Overfull \hbox (52.73941pt too wide) in paragraph at lines 2371--2371
 []|[]| 
 []

[682] [683]
LaTeX Font Info:    Try loading font information for OMS+cmr on input line 2380
.
 (/usr/share/texlive/texmf-dist/tex/latex/base/omscmr.fd
File: omscmr.fd 1999/05/25 v2.5h Standard LaTeX font definitions
)
LaTeX Font Info:    Font shape `OMS/cmr/m/n' in size <10.95> not available
(Font)              Font shape `OMS/cmsy/m/n' tried instead on input line 2380.

Package atveryend Info: Empty hook `BeforeClearDocument' on input line 2424.
 [684]
Package atveryend Info: Empty hook `AfterLastShipout' on input line 2424.

(./TabelaFreq_youtube_extraction_english_294.json.aux)
Package atveryend Info: Executing hook `AtVeryEndDocument' on input line 2424.
Package atveryend Info: Executing hook `AtEndAfterFileList' on input line 2424.

Package rerunfilecheck Info: File `TabelaFreq_youtube_extraction_english_294.js
on.out' has not changed.
(rerunfilecheck)             Checksum: D41D8CD98F00B204E9800998ECF8427E;0.
Package atveryend Info: Empty hook `AtVeryVeryEnd' on input line 2424.
 ) 
Here is how much of TeX's memory you used:
 7006 strings out of 494820
 98481 string characters out of 3178049
 352619 words of memory out of 3000000
 9467 multiletter control sequences out of 15000+200000
 5724 words of font info for 21 fonts, out of 3000000 for 9000
 198 hyphenation exceptions out of 8191
 34i,8n,35p,10125b,463s stack positions out of 5000i,500n,10000p,200000b,50000s
</usr/share/texlive/texmf-dist/fonts/type1/public/amsfonts/cm/cmbx10.pfb></us
r/share/texlive/texmf-dist/fonts/type1/public/amsfonts/cm/cmbx12.pfb></usr/shar
e/texlive/texmf-dist/fonts/type1/public/amsfonts/cm/cmr10.pfb></usr/share/texli
ve/texmf-dist/fonts/type1/public/amsfonts/cm/cmr12.pfb></usr/share/texlive/texm
f-dist/fonts/type1/public/amsfonts/cm/cmsy10.pfb>
Output written on TabelaFreq_youtube_extraction_english_294.json.pdf (684 pages
, 1368659 bytes).
PDF statistics:
 3068 PDF objects out of 3580 (max. 8388607)
 2353 compressed objects within 24 object streams
 688 named destinations out of 1000 (max. 500000)
 1 words of extra memory for PDF output out of 10000 (max. 10000000)

